SLURM_JOBID=8524322
SLURM_JOB_NODELIST=cpn-k05-12-02
SLURM_NNODES=1
SLURMTMPDIR=/scratch/8524322
working directory = /projects/academic/rahulrai/binbin/CNN-AM-Quality

Currently Loaded Modules:
  1) python/anaconda-5.0.1   3) gcc/7.3.0
  2) tensorflow/1.4.1        4) keras/2.0.8-py36

 

Starting job...
2018-03-22 00:13:24.792175: W tensorflow/core/platform/cpu_feature_guard.cc:45] The TensorFlow library wasn't compiled to use SSE4.1 instructions, but these are available on your machine and could speed up CPU computations.
2018-03-22 00:13:24.792593: W tensorflow/core/platform/cpu_feature_guard.cc:45] The TensorFlow library wasn't compiled to use SSE4.2 instructions, but these are available on your machine and could speed up CPU computations.
Using TensorFlow backend.
**PARAMETERS**********
Model: 		 2L
EPOCHS:		 300
Num cores:	 12 

BN: 		 YYN
L2 regul:	 Y0.01N
Dropout:	 YY0.25
Conv1 filter:	 3x3/16, 3x3/32, 256,32
Test_ID:		 p41A2
Training with learning rate 0.001
Result Directory: 	 Result_for_paper/Result_2L/keras_Model-2L_T-18_0.h5
Result Directory: 	 Result_for_paper/Reisult_2L/keras_Model-2L_T-18_0_history.pkl
**RESULTS***************
VALIDATION ACCURACY:	 [ 0.8015625] 

TEST SCORE:		 [0.7068253670419965, 0.8217075892857143] 

Train and Val time:	  2:29:04.451663
All Done!
